<?xml version="1.0" encoding="utf-8"?><testsuites><testsuite name="pytest" errors="0" failures="0" skipped="4" tests="140" time="31.924" timestamp="2024-10-28T13:26:14.213283" hostname="user-Laptop-13th-Gen-Intel-Core"><testcase classname="sdk.search.azure-search-documents.tests.test_buffered_sender.TestSearchBatchingClient" name="test_search_indexing_buffered_sender_kwargs" time="0.532" /><testcase classname="sdk.search.azure-search-documents.tests.test_buffered_sender.TestSearchBatchingClient" name="test_batch_queue" time="4.809" /><testcase classname="sdk.search.azure-search-documents.tests.test_buffered_sender.TestSearchBatchingClient" name="test_process_if_needed" time="4.810" /><testcase classname="sdk.search.azure-search-documents.tests.test_buffered_sender.TestSearchBatchingClient" name="test_context_manager" time="0.002" /><testcase classname="sdk.search.azure-search-documents.tests.test_buffered_sender.TestSearchBatchingClient" name="test_flush" time="0.003" /><testcase classname="sdk.search.azure-search-documents.tests.test_buffered_sender.TestSearchBatchingClient" name="test_callback_new" time="4.808" /><testcase classname="sdk.search.azure-search-documents.tests.test_buffered_sender.TestSearchBatchingClient" name="test_callback_error" time="0.002" /><testcase classname="sdk.search.azure-search-documents.tests.test_buffered_sender.TestSearchBatchingClient" name="test_callback_error_on_timeout" time="0.002" /><testcase classname="sdk.search.azure-search-documents.tests.test_buffered_sender.TestSearchBatchingClient" name="test_callback_progress" time="0.003" /><testcase classname="sdk.search.azure-search-documents.tests.test_index_documents_batch.TestIndexDocumentsBatch" name="test_init" time="0.001" /><testcase classname="sdk.search.azure-search-documents.tests.test_index_documents_batch.TestIndexDocumentsBatch" name="test_repr" time="0.001" /><testcase classname="sdk.search.azure-search-documents.tests.test_index_documents_batch.TestIndexDocumentsBatch" name="test_actions_returns_list_copy" time="0.001" /><testcase classname="sdk.search.azure-search-documents.tests.test_index_documents_batch.TestIndexDocumentsBatch" name="test_add_method[add_upload_actions]" time="0.001" /><testcase classname="sdk.search.azure-search-documents.tests.test_index_documents_batch.TestIndexDocumentsBatch" name="test_add_method[add_delete_actions]" time="0.001" /><testcase classname="sdk.search.azure-search-documents.tests.test_index_documents_batch.TestIndexDocumentsBatch" name="test_add_method[add_merge_actions]" time="0.000" /><testcase classname="sdk.search.azure-search-documents.tests.test_index_documents_batch.TestIndexDocumentsBatch" name="test_add_method[add_merge_or_upload_actions]" time="0.000" /><testcase classname="sdk.search.azure-search-documents.tests.test_index_field_helpers" name="test_edm_contents" time="0.000" /><testcase classname="sdk.search.azure-search-documents.tests.test_index_field_helpers.TestComplexField" name="test_single" time="0.000" /><testcase classname="sdk.search.azure-search-documents.tests.test_index_field_helpers.TestComplexField" name="test_collection" time="0.000" /><testcase classname="sdk.search.azure-search-documents.tests.test_index_field_helpers.TestSimplexField" name="test_defaults" time="0.000" /><testcase classname="sdk.search.azure-search-documents.tests.test_index_field_helpers.TestSearchableField" name="test_defaults" time="0.000" /><testcase classname="sdk.search.azure-search-documents.tests.test_models" name="test_encryption_key_serialization" time="0.000" /><testcase classname="sdk.search.azure-search-documents.tests.test_queries.TestAutocompleteQuery" name="test_init" time="0.000" /><testcase classname="sdk.search.azure-search-documents.tests.test_queries.TestAutocompleteQuery" name="test_kwargs_forwarded" time="0.001" /><testcase classname="sdk.search.azure-search-documents.tests.test_queries.TestAutocompleteQuery" name="test_repr" time="0.000" /><testcase classname="sdk.search.azure-search-documents.tests.test_queries.TestAutocompleteQuery" name="test_filter" time="0.000" /><testcase classname="sdk.search.azure-search-documents.tests.test_queries.TestSearchQuery" name="test_init" time="0.000" /><testcase classname="sdk.search.azure-search-documents.tests.test_queries.TestSearchQuery" name="test_kwargs_forwarded" time="0.001" /><testcase classname="sdk.search.azure-search-documents.tests.test_queries.TestSearchQuery" name="test_repr" time="0.001" /><testcase classname="sdk.search.azure-search-documents.tests.test_queries.TestSearchQuery" name="test_filter" time="0.000" /><testcase classname="sdk.search.azure-search-documents.tests.test_queries.TestSearchQuery" name="test_order_by" time="0.000" /><testcase classname="sdk.search.azure-search-documents.tests.test_queries.TestSearchQuery" name="test_select" time="0.000" /><testcase classname="sdk.search.azure-search-documents.tests.test_queries.TestSuggestQuery" name="test_init" time="0.000" /><testcase classname="sdk.search.azure-search-documents.tests.test_queries.TestSuggestQuery" name="test_kwargs_forwarded" time="0.001" /><testcase classname="sdk.search.azure-search-documents.tests.test_queries.TestSuggestQuery" name="test_repr" time="0.000" /><testcase classname="sdk.search.azure-search-documents.tests.test_queries.TestSuggestQuery" name="test_filter" time="0.000" /><testcase classname="sdk.search.azure-search-documents.tests.test_regex_flags" name="test_unpack_search_index" time="0.000" /><testcase classname="sdk.search.azure-search-documents.tests.test_regex_flags" name="test_multi_unpack_search_index" time="0.000" /><testcase classname="sdk.search.azure-search-documents.tests.test_regex_flags" name="test_unpack_search_index_enum" time="0.000" /><testcase classname="sdk.search.azure-search-documents.tests.test_regex_flags" name="test_pack_search_index" time="0.000" /><testcase classname="sdk.search.azure-search-documents.tests.test_regex_flags" name="test_multi_pack_search_index" time="0.000" /><testcase classname="sdk.search.azure-search-documents.tests.test_search_client.Test_odata" name="test_const" time="0.000" /><testcase classname="sdk.search.azure-search-documents.tests.test_search_client.Test_odata" name="test_numbers" time="0.000" /><testcase classname="sdk.search.azure-search-documents.tests.test_search_client.Test_odata" name="test_string" time="0.001" /><testcase classname="sdk.search.azure-search-documents.tests.test_search_client.Test_odata" name="test_mixed" time="0.000" /><testcase classname="sdk.search.azure-search-documents.tests.test_search_client.Test_odata" name="test_escape_single_quote" time="0.000" /><testcase classname="sdk.search.azure-search-documents.tests.test_search_client.Test_odata" name="test_prevent_double_quoting" time="0.000" /><testcase classname="sdk.search.azure-search-documents.tests.test_search_client.TestAnswerQuery" name="test_no_args" time="0.000" /><testcase classname="sdk.search.azure-search-documents.tests.test_search_client.TestAnswerQuery" name="test_query_answer" time="0.000" /><testcase classname="sdk.search.azure-search-documents.tests.test_search_client.TestAnswerQuery" name="test_query_answer_count" time="0.000" /><testcase classname="sdk.search.azure-search-documents.tests.test_search_client.TestAnswerQuery" name="test_query_answer_threshold" time="0.000" /><testcase classname="sdk.search.azure-search-documents.tests.test_search_client.TestAnswerQuery" name="test_query_answer_count_threshold" time="0.000" /><testcase classname="sdk.search.azure-search-documents.tests.test_search_client.TestSearchClient" name="test_init" time="0.000" /><testcase classname="sdk.search.azure-search-documents.tests.test_search_client.TestSearchClient" name="test_credential_roll" time="0.001" /><testcase classname="sdk.search.azure-search-documents.tests.test_search_client.TestSearchClient" name="test_headers_merge" time="0.001" /><testcase classname="sdk.search.azure-search-documents.tests.test_search_client.TestSearchClient" name="test_repr" time="0.001" /><testcase classname="sdk.search.azure-search-documents.tests.test_search_client.TestSearchClient" name="test_get_document_count" time="0.001" /><testcase classname="sdk.search.azure-search-documents.tests.test_search_client.TestSearchClient" name="test_get_document" time="0.001" /><testcase classname="sdk.search.azure-search-documents.tests.test_search_client.TestSearchClient" name="test_search_query_argument" time="0.001" /><testcase classname="sdk.search.azure-search-documents.tests.test_search_client.TestSearchClient" name="test_suggest_query_argument" time="0.001" /><testcase classname="sdk.search.azure-search-documents.tests.test_search_client.TestSearchClient" name="test_suggest_bad_argument" time="0.001" /><testcase classname="sdk.search.azure-search-documents.tests.test_search_client.TestSearchClient" name="test_get_count_reset_continuation_token" time="0.001" /><testcase classname="sdk.search.azure-search-documents.tests.test_search_client.TestSearchClient" name="test_autocomplete_query_argument" time="0.002" /><testcase classname="sdk.search.azure-search-documents.tests.test_search_client.TestSearchClient" name="test_get_document_count_v2020_06_30" time="0.001" /><testcase classname="sdk.search.azure-search-documents.tests.test_search_client.TestSearchClient" name="test_get_document_v2020_06_30" time="0.002" /><testcase classname="sdk.search.azure-search-documents.tests.test_search_client.TestSearchClient" name="test_search_query_argument_v2020_06_30" time="0.001" /><testcase classname="sdk.search.azure-search-documents.tests.test_search_client.TestSearchClient" name="test_suggest_query_argument_v2020_06_30" time="0.001" /><testcase classname="sdk.search.azure-search-documents.tests.test_search_client.TestSearchClient" name="test_autocomplete_query_argument_v2020_06_30" time="0.001" /><testcase classname="sdk.search.azure-search-documents.tests.test_search_client.TestSearchClient" name="test_autocomplete_bad_argument" time="0.001" /><testcase classname="sdk.search.azure-search-documents.tests.test_search_client.TestSearchClient" name="test_add_method[upload_documents-0 docs]" time="0.002" /><testcase classname="sdk.search.azure-search-documents.tests.test_search_client.TestSearchClient" name="test_add_method[upload_documents-1 docs]" time="0.001" /><testcase classname="sdk.search.azure-search-documents.tests.test_search_client.TestSearchClient" name="test_add_method[upload_documents-2 docs]" time="0.001" /><testcase classname="sdk.search.azure-search-documents.tests.test_search_client.TestSearchClient" name="test_add_method[delete_documents-0 docs]" time="0.001" /><testcase classname="sdk.search.azure-search-documents.tests.test_search_client.TestSearchClient" name="test_add_method[delete_documents-1 docs]" time="0.001" /><testcase classname="sdk.search.azure-search-documents.tests.test_search_client.TestSearchClient" name="test_add_method[delete_documents-2 docs]" time="0.001" /><testcase classname="sdk.search.azure-search-documents.tests.test_search_client.TestSearchClient" name="test_add_method[merge_documents-0 docs]" time="0.001" /><testcase classname="sdk.search.azure-search-documents.tests.test_search_client.TestSearchClient" name="test_add_method[merge_documents-1 docs]" time="0.001" /><testcase classname="sdk.search.azure-search-documents.tests.test_search_client.TestSearchClient" name="test_add_method[merge_documents-2 docs]" time="0.001" /><testcase classname="sdk.search.azure-search-documents.tests.test_search_client.TestSearchClient" name="test_add_method[merge_or_upload_documents-0 docs]" time="0.001" /><testcase classname="sdk.search.azure-search-documents.tests.test_search_client.TestSearchClient" name="test_add_method[merge_or_upload_documents-1 docs]" time="0.001" /><testcase classname="sdk.search.azure-search-documents.tests.test_search_client.TestSearchClient" name="test_add_method[merge_or_upload_documents-2 docs]" time="0.001" /><testcase classname="sdk.search.azure-search-documents.tests.test_search_client.TestSearchClient" name="test_index_documents" time="0.001" /><testcase classname="sdk.search.azure-search-documents.tests.test_search_client.TestSearchClient" name="test_request_too_large_error" time="0.001" /><testcase classname="sdk.search.azure-search-documents.tests.test_search_client_basic_live.TestSearchClient" name="test_get_document_count" time="0.123" /><testcase classname="sdk.search.azure-search-documents.tests.test_search_client_basic_live.TestSearchClient" name="test_get_document" time="0.171" /><testcase classname="sdk.search.azure-search-documents.tests.test_search_client_basic_live.TestSearchClient" name="test_get_document_missing" time="0.012" /><testcase classname="sdk.search.azure-search-documents.tests.test_search_client_buffered_sender_live.TestSearchIndexingBufferedSender" name="test_search_client_index_buffered_sender" time="0.367" /><testcase classname="sdk.search.azure-search-documents.tests.test_search_client_index_document_live.TestSearchClientIndexDocument" name="test_search_client_index_document" time="0.221" /><testcase classname="sdk.search.azure-search-documents.tests.test_search_client_search_live.TestSearchClient" name="test_search_client" time="0.283" /><testcase classname="sdk.search.azure-search-documents.tests.test_search_index_client.TestSearchIndexClient" name="test_index_init" time="0.001" /><testcase classname="sdk.search.azure-search-documents.tests.test_search_index_client.TestSearchIndexClient" name="test_index_credential_roll" time="0.001" /><testcase classname="sdk.search.azure-search-documents.tests.test_search_index_client.TestSearchIndexClient" name="test_get_search_client" time="0.001" /><testcase classname="sdk.search.azure-search-documents.tests.test_search_index_client.TestSearchIndexClient" name="test_get_search_client_inherit_api_version" time="0.001" /><testcase classname="sdk.search.azure-search-documents.tests.test_search_index_client.TestSearchIndexClient" name="test_get_service_statistics" time="0.001" /><testcase classname="sdk.search.azure-search-documents.tests.test_search_index_client.TestSearchIndexClient" name="test_get_service_statistics_v2020_06_30" time="0.001" /><testcase classname="sdk.search.azure-search-documents.tests.test_search_index_client.TestSearchIndexClient" name="test_index_endpoint_https" time="0.001" /><testcase classname="sdk.search.azure-search-documents.tests.test_search_index_client.TestSearchIndexerClient" name="test_indexer_init" time="0.000" /><testcase classname="sdk.search.azure-search-documents.tests.test_search_index_client.TestSearchIndexerClient" name="test_indexer_credential_roll" time="0.001" /><testcase classname="sdk.search.azure-search-documents.tests.test_search_index_client.TestSearchIndexerClient" name="test_indexer_endpoint_https" time="0.001" /><testcase classname="sdk.search.azure-search-documents.tests.test_search_index_client.TestSearchIndexerClient" name="test_datasource_with_empty_connection_string" time="0.000" /><testcase classname="sdk.search.azure-search-documents.tests.test_search_index_client_alias_live.TestSearchClientAlias" name="test_alias" time="0.178" /><testcase classname="sdk.search.azure-search-documents.tests.test_search_index_client_data_source_live.TestSearchClientDataSources" name="test_data_source" time="0.246" /><testcase classname="sdk.search.azure-search-documents.tests.test_search_index_client_live.TestSearchIndexClient" name="test_search_index_client" time="0.246" /><testcase classname="sdk.search.azure-search-documents.tests.test_search_index_client_skillset_live.TestSearchSkillset" name="test_skillset_crud" time="0.000"><skipped type="pytest.skip" message="The skills are deprecated">/home/user/repos/azure-sdk-for-python-fixpy312/sdk/search/azure-search-documents/tests/search_service_preparer.py:132: The skills are deprecated</skipped></testcase><testcase classname="sdk.search.azure-search-documents.tests.test_search_index_client_synonym_map_live.TestSearchClientSynonymMaps" name="test_synonym_map" time="0.263" /><testcase classname="sdk.search.azure-search-documents.tests.test_search_indexer_client_live.TestSearchIndexerClientTest" name="test_search_indexers" time="0.001"><skipped type="pytest.skip" message="fails because connection string of storage is disabled">/home/user/repos/azure-sdk-for-python-fixpy312/sdk/search/azure-search-documents/tests/search_service_preparer.py:132: fails because connection string of storage is disabled</skipped></testcase><testcase classname="sdk.search.azure-search-documents.tests.test_serialization" name="test_serialize_search_index" time="0.006" /><testcase classname="sdk.search.azure-search-documents.tests.test_serialization" name="test_serialize_search_indexer_skillset" time="0.003" /><testcase classname="sdk.search.azure-search-documents.tests.test_serialization" name="test_serialize_search_index_dict" time="0.004" /><testcase classname="sdk.search.azure-search-documents.tests.async_tests.test_buffered_sender_async.TestSearchBatchingClientAsync" name="test_search_indexing_buffered_sender_kwargs" time="0.002" /><testcase classname="sdk.search.azure-search-documents.tests.async_tests.test_buffered_sender_async.TestSearchBatchingClientAsync" name="test_batch_queue" time="4.814" /><testcase classname="sdk.search.azure-search-documents.tests.async_tests.test_buffered_sender_async.TestSearchBatchingClientAsync" name="test_process_if_needed" time="4.818" /><testcase classname="sdk.search.azure-search-documents.tests.async_tests.test_buffered_sender_async.TestSearchBatchingClientAsync" name="test_context_manager" time="0.007" /><testcase classname="sdk.search.azure-search-documents.tests.async_tests.test_buffered_sender_async.TestSearchBatchingClientAsync" name="test_flush" time="0.003" /><testcase classname="sdk.search.azure-search-documents.tests.async_tests.test_buffered_sender_async.TestSearchBatchingClientAsync" name="test_callback_new" time="4.814" /><testcase classname="sdk.search.azure-search-documents.tests.async_tests.test_buffered_sender_async.TestSearchBatchingClientAsync" name="test_callback_error" time="0.005" /><testcase classname="sdk.search.azure-search-documents.tests.async_tests.test_buffered_sender_async.TestSearchBatchingClientAsync" name="test_callback_error_on_timeout" time="0.004" /><testcase classname="sdk.search.azure-search-documents.tests.async_tests.test_buffered_sender_async.TestSearchBatchingClientAsync" name="test_callback_progress" time="0.004" /><testcase classname="sdk.search.azure-search-documents.tests.async_tests.test_search_client_async.TestSearchClientAsync" name="test_get_count_reset_continuation_token" time="0.001" /><testcase classname="sdk.search.azure-search-documents.tests.async_tests.test_search_client_basic_live_async.TestSearchClientAsync" name="test_get_document_count" time="0.001" /><testcase classname="sdk.search.azure-search-documents.tests.async_tests.test_search_client_basic_live_async.TestSearchClientAsync" name="test_get_document" time="0.001" /><testcase classname="sdk.search.azure-search-documents.tests.async_tests.test_search_client_basic_live_async.TestSearchClientAsync" name="test_get_document_missing" time="0.001" /><testcase classname="sdk.search.azure-search-documents.tests.async_tests.test_search_client_buffered_sender_live_async.TestSearchIndexingBufferedSenderAsync" name="test_search_client_index_buffered_sender" time="0.001" /><testcase classname="sdk.search.azure-search-documents.tests.async_tests.test_search_client_index_document_live_async.TestSearchClientDocumentsAsync" name="test_search_client_index_document" time="0.001" /><testcase classname="sdk.search.azure-search-documents.tests.async_tests.test_search_client_search_live_async.TestClientTestAsync" name="test_search_client" time="0.001" /><testcase classname="sdk.search.azure-search-documents.tests.async_tests.test_search_client_search_live_async.TestClientTestAsync" name="test_search_client_large" time="0.001" /><testcase classname="sdk.search.azure-search-documents.tests.async_tests.test_search_index_client_alias_live_async.TestSearchClientAlias" name="test_alias" time="0.001" /><testcase classname="sdk.search.azure-search-documents.tests.async_tests.test_search_index_client_async.TestSearchIndexClient" name="test_index_init" time="0.001" /><testcase classname="sdk.search.azure-search-documents.tests.async_tests.test_search_index_client_async.TestSearchIndexClient" name="test_index_credential_roll" time="0.001" /><testcase classname="sdk.search.azure-search-documents.tests.async_tests.test_search_index_client_async.TestSearchIndexClient" name="test_get_search_client" time="0.001" /><testcase classname="sdk.search.azure-search-documents.tests.async_tests.test_search_index_client_async.TestSearchIndexClient" name="test_get_search_client_inherit_api_version" time="0.001" /><testcase classname="sdk.search.azure-search-documents.tests.async_tests.test_search_index_client_async.TestSearchIndexClient" name="test_index_endpoint_https" time="0.001" /><testcase classname="sdk.search.azure-search-documents.tests.async_tests.test_search_index_client_async.TestSearchIndexerClient" name="test_indexer_init" time="0.000" /><testcase classname="sdk.search.azure-search-documents.tests.async_tests.test_search_index_client_async.TestSearchIndexerClient" name="test_indexer_credential_roll" time="0.000" /><testcase classname="sdk.search.azure-search-documents.tests.async_tests.test_search_index_client_async.TestSearchIndexerClient" name="test_indexer_endpoint_https" time="0.001" /><testcase classname="sdk.search.azure-search-documents.tests.async_tests.test_search_index_client_data_source_live_async.TestSearchClientDataSourcesAsync" name="test_data_source" time="0.001" /><testcase classname="sdk.search.azure-search-documents.tests.async_tests.test_search_index_client_live_async.TestSearchIndexClientAsync" name="test_search_index_client" time="0.001" /><testcase classname="sdk.search.azure-search-documents.tests.async_tests.test_search_index_client_skillset_live_async.TestSearchClientSkillsets" name="test_skillset_crud" time="0.000"><skipped type="pytest.skip" message="The skills are deprecated">/home/user/repos/azure-sdk-for-python-fixpy312/sdk/search/azure-search-documents/tests/search_service_preparer.py:132: The skills are deprecated</skipped></testcase><testcase classname="sdk.search.azure-search-documents.tests.async_tests.test_search_index_client_synonym_map_live_async.TestSearchClientSynonymMaps" name="test_synonym_map" time="0.001" /><testcase classname="sdk.search.azure-search-documents.tests.async_tests.test_search_indexer_client_live_async.TestSearchIndexerClientTestAsync" name="test_search_indexers" time="0.007"><skipped type="pytest.skip" message="fails because connection string of storage is disabled">/home/user/repos/azure-sdk-for-python-fixpy312/sdk/search/azure-search-documents/tests/search_service_preparer.py:132: fails because connection string of storage is disabled</skipped></testcase></testsuite></testsuites>